<?xml version="1.0" encoding="UTF-8"?>
<!-- Generated by org.testng.reporters.JUnitReportReporter -->
<testsuite hostname="DESKTOP-VBUECEK" failures="0" tests="1" name="com.comcast.hms.patienttest.AdminApointmentHistoryTest" time="19.563" errors="0" timestamp="08 Jul 2024 06:03:02 GMT" skipped="0">
  <testcase classname="com.comcast.hms.patienttest.AdminApointmentHistoryTest" name="AppHistoryTest" time="19.563"/>
</testsuite> <!-- com.comcast.hms.patienttest.AdminApointmentHistoryTest -->
