<?xml version="1.0" encoding="UTF-8"?>
<!-- Generated by org.testng.reporters.JUnitReportReporter -->
<testsuite hostname="DESKTOP-VBUECEK" failures="0" tests="1" name="com.comcast.hms.patienttest.DoctorAppoimentHistory" time="11.472" errors="0" timestamp="04 Jul 2024 07:14:33 GMT" skipped="0">
  <testcase classname="com.comcast.hms.patienttest.DoctorAppoimentHistory" name="AppHistoryTest" time="11.472"/>
</testsuite> <!-- com.comcast.hms.patienttest.DoctorAppoimentHistory -->
