<?xml version="1.0" encoding="UTF-8"?>
<!-- Generated by org.testng.reporters.JUnitReportReporter -->
<testsuite hostname="DESKTOP-VBUECEK" failures="0" tests="1" name="com.comcast.hms.patienttest.EditUserNameTest" time="4.201" errors="0" timestamp="08 Jul 2024 09:41:21 GMT" skipped="0">
  <testcase classname="com.comcast.hms.patienttest.EditUserNameTest" name="EditNameTest" time="4.201"/>
</testsuite> <!-- com.comcast.hms.patienttest.EditUserNameTest -->
