<?xml version="1.0" encoding="UTF-8"?>
<!-- Generated by org.testng.reporters.JUnitReportReporter -->
<testsuite hostname="DESKTOP-VBUECEK" failures="0" tests="1" name="com.comcast.hms.patienttest.time" time="0.029" errors="0" timestamp="04 Jul 2024 11:34:12 GMT" skipped="0">
  <testcase classname="com.comcast.hms.patienttest.time" name="time" time="0.029"/>
</testsuite> <!-- com.comcast.hms.patienttest.time -->
