<?xml version="1.0" encoding="UTF-8"?>
<!-- Generated by org.testng.reporters.JUnitReportReporter -->
<testsuite hostname="DESKTOP-VBUECEK" failures="0" tests="1" name="com.comcast.hms.patienttest.EditUserNameTest" time="6.699" errors="0" timestamp="08 Jul 2024 06:39:38 GMT" skipped="0">
  <testcase classname="com.comcast.hms.patienttest.EditUserNameTest" name="EditNameTest" time="6.699"/>
</testsuite> <!-- com.comcast.hms.patienttest.EditUserNameTest -->
