<?xml version="1.0" encoding="UTF-8"?>
<!-- Generated by org.testng.reporters.JUnitReportReporter -->
<testsuite hostname="DESKTOP-ROIRK3H" failures="0" tests="1" name="com.comcast.crm.admin1_test.Doctor_Test" time="12.109" errors="0" timestamp="02 Jul 2024 05:51:19 GMT" skipped="0">
  <testcase classname="com.comcast.crm.admin1_test.Doctor_Test" name="createDoctor" time="12.109"/>
</testsuite> <!-- com.comcast.crm.admin1_test.Doctor_Test -->
