<?xml version="1.0" encoding="UTF-8"?>
<!-- Generated by org.testng.reporters.JUnitReportReporter -->
<testsuite hostname="DESKTOP-VBUECEK" failures="0" tests="1" name="com.comcast.hms.patienttest.DoctorAppoimentHistoryTest" time="9.680" errors="0" timestamp="08 Jul 2024 05:09:14 GMT" skipped="0">
  <testcase classname="com.comcast.hms.patienttest.DoctorAppoimentHistoryTest" name="AppHistoryTest" time="9.680"/>
</testsuite> <!-- com.comcast.hms.patienttest.DoctorAppoimentHistoryTest -->
