<?xml version="1.0" encoding="UTF-8"?>
<!-- Generated by org.testng.reporters.JUnitReportReporter -->
<testsuite hostname="DESKTOP-VBUECEK" failures="0" tests="1" name="com.comcast.hms.patienttest.CreateAccountTest" time="20.603" errors="0" timestamp="08 Jul 2024 05:42:50 GMT" skipped="0">
  <testcase classname="com.comcast.hms.patienttest.CreateAccountTest" name="CreateaccountTest" time="20.603"/>
</testsuite> <!-- com.comcast.hms.patienttest.CreateAccountTest -->
